Started GET "/" for 127.0.0.1 at 2023-07-06 22:19:52 -0500
  [1m[36mActiveRecord::SchemaMigration Pluck (1.5ms)[0m  [1m[34mSELECT "schema_migrations"."version" FROM "schema_migrations" ORDER BY "schema_migrations"."version" ASC[0m
Processing by Rails::WelcomeController#index as HTML
  Rendering /Users/learnacademy/.rvm/gems/ruby-3.2.0/gems/railties-7.0.5/lib/rails/templates/rails/welcome/index.html.erb
  Rendered /Users/learnacademy/.rvm/gems/ruby-3.2.0/gems/railties-7.0.5/lib/rails/templates/rails/welcome/index.html.erb (Duration: 1.1ms | Allocations: 635)
Completed 200 OK in 14ms (Views: 3.8ms | ActiveRecord: 0.0ms | Allocations: 7372)


Started GET "/cats" for ::1 at 2023-07-06 22:47:02 -0500
Processing by CatsController#index as */*
  [1m[36mCat Load (4.2ms)[0m  [1m[34mSELECT "cats".* FROM "cats"[0m
  ↳ app/controllers/cats_controller.rb:5:in `index'
Completed 200 OK in 85ms (Views: 82.2ms | ActiveRecord: 50.8ms | Allocations: 10621)


Started GET "/cats" for ::1 at 2023-07-06 22:47:03 -0500
Processing by CatsController#index as */*
  [1m[36mCat Load (0.3ms)[0m  [1m[34mSELECT "cats".* FROM "cats"[0m
  ↳ app/controllers/cats_controller.rb:5:in `index'
Completed 200 OK in 2ms (Views: 1.0ms | ActiveRecord: 0.3ms | Allocations: 1117)


Started GET "/cats" for ::1 at 2023-07-06 22:47:03 -0500
Processing by CatsController#index as */*
  [1m[36mCat Load (0.3ms)[0m  [1m[34mSELECT "cats".* FROM "cats"[0m
  ↳ app/controllers/cats_controller.rb:5:in `index'
Completed 200 OK in 1ms (Views: 0.9ms | ActiveRecord: 0.3ms | Allocations: 1114)


Started GET "/cats" for ::1 at 2023-07-06 22:47:03 -0500
Processing by CatsController#index as */*
  [1m[36mCat Load (0.2ms)[0m  [1m[34mSELECT "cats".* FROM "cats"[0m
  ↳ app/controllers/cats_controller.rb:5:in `index'
Completed 200 OK in 1ms (Views: 0.9ms | ActiveRecord: 0.2ms | Allocations: 1114)


Started GET "/cats" for ::1 at 2023-07-06 22:47:11 -0500
Processing by CatsController#index as */*
  [1m[36mCat Load (0.2ms)[0m  [1m[34mSELECT "cats".* FROM "cats"[0m
  ↳ app/controllers/cats_controller.rb:5:in `index'
Completed 200 OK in 3ms (Views: 1.9ms | ActiveRecord: 0.2ms | Allocations: 1125)


Started GET "/cats" for ::1 at 2023-07-06 22:47:11 -0500
Processing by CatsController#index as */*
  [1m[36mCat Load (0.2ms)[0m  [1m[34mSELECT "cats".* FROM "cats"[0m
  ↳ app/controllers/cats_controller.rb:5:in `index'
Completed 200 OK in 3ms (Views: 2.0ms | ActiveRecord: 0.2ms | Allocations: 1114)


Started GET "/cats" for ::1 at 2023-07-06 22:47:11 -0500
Processing by CatsController#index as */*
  [1m[36mCat Load (0.2ms)[0m  [1m[34mSELECT "cats".* FROM "cats"[0m
  ↳ app/controllers/cats_controller.rb:5:in `index'
Completed 200 OK in 2ms (Views: 1.0ms | ActiveRecord: 0.2ms | Allocations: 1114)


Started GET "/cats" for ::1 at 2023-07-06 22:47:11 -0500
Processing by CatsController#index as */*
  [1m[36mCat Load (0.2ms)[0m  [1m[34mSELECT "cats".* FROM "cats"[0m
  ↳ app/controllers/cats_controller.rb:5:in `index'
Completed 200 OK in 1ms (Views: 0.9ms | ActiveRecord: 0.2ms | Allocations: 1114)


Started GET "/cats" for ::1 at 2023-07-06 22:49:02 -0500
Processing by CatsController#index as */*
  [1m[36mCat Load (0.5ms)[0m  [1m[34mSELECT "cats".* FROM "cats"[0m
  ↳ app/controllers/cats_controller.rb:5:in `index'
Completed 200 OK in 6ms (Views: 4.2ms | ActiveRecord: 0.5ms | Allocations: 1125)


Started GET "/cats" for ::1 at 2023-07-06 22:49:02 -0500
Processing by CatsController#index as */*
  [1m[36mCat Load (0.3ms)[0m  [1m[34mSELECT "cats".* FROM "cats"[0m
  ↳ app/controllers/cats_controller.rb:5:in `index'
Completed 200 OK in 2ms (Views: 1.6ms | ActiveRecord: 0.3ms | Allocations: 1114)


Started GET "/cats" for ::1 at 2023-07-06 22:49:03 -0500
Processing by CatsController#index as */*
  [1m[36mCat Load (0.4ms)[0m  [1m[34mSELECT "cats".* FROM "cats"[0m
  ↳ app/controllers/cats_controller.rb:5:in `index'
Completed 200 OK in 3ms (Views: 2.0ms | ActiveRecord: 0.4ms | Allocations: 1115)


Started GET "/cats" for ::1 at 2023-07-06 22:49:03 -0500
Processing by CatsController#index as */*
  [1m[36mCat Load (0.5ms)[0m  [1m[34mSELECT "cats".* FROM "cats"[0m
  ↳ app/controllers/cats_controller.rb:5:in `index'
Completed 200 OK in 2ms (Views: 1.4ms | ActiveRecord: 0.5ms | Allocations: 1114)


Started GET "/cats" for ::1 at 2023-07-06 22:54:14 -0500
Processing by CatsController#index as */*
  [1m[36mCat Load (0.5ms)[0m  [1m[34mSELECT "cats".* FROM "cats"[0m
  ↳ app/controllers/cats_controller.rb:5:in `index'
Completed 200 OK in 5ms (Views: 3.7ms | ActiveRecord: 0.5ms | Allocations: 1125)


Started GET "/cats" for ::1 at 2023-07-06 22:54:14 -0500
Processing by CatsController#index as */*
  [1m[36mCat Load (0.2ms)[0m  [1m[34mSELECT "cats".* FROM "cats"[0m
  ↳ app/controllers/cats_controller.rb:5:in `index'
Completed 200 OK in 2ms (Views: 1.0ms | ActiveRecord: 0.2ms | Allocations: 1114)


Started GET "/cats" for ::1 at 2023-07-06 22:54:14 -0500
Processing by CatsController#index as */*
  [1m[36mCat Load (0.2ms)[0m  [1m[34mSELECT "cats".* FROM "cats"[0m
  ↳ app/controllers/cats_controller.rb:5:in `index'
Completed 200 OK in 2ms (Views: 1.5ms | ActiveRecord: 0.2ms | Allocations: 1114)


Started GET "/cats" for ::1 at 2023-07-06 22:54:14 -0500
Processing by CatsController#index as */*
  [1m[36mCat Load (0.3ms)[0m  [1m[34mSELECT "cats".* FROM "cats"[0m
  ↳ app/controllers/cats_controller.rb:5:in `index'
Completed 200 OK in 1ms (Views: 0.8ms | ActiveRecord: 0.3ms | Allocations: 1114)


Started GET "/cats" for ::1 at 2023-07-06 22:59:32 -0500
Processing by CatsController#index as */*
  [1m[36mCat Load (0.4ms)[0m  [1m[34mSELECT "cats".* FROM "cats"[0m
  ↳ app/controllers/cats_controller.rb:5:in `index'
Completed 200 OK in 11ms (Views: 5.3ms | ActiveRecord: 0.4ms | Allocations: 1114)


Started GET "/cats" for ::1 at 2023-07-06 22:59:32 -0500
Processing by CatsController#index as */*
  [1m[36mCat Load (0.3ms)[0m  [1m[34mSELECT "cats".* FROM "cats"[0m
  ↳ app/controllers/cats_controller.rb:5:in `index'
Completed 200 OK in 2ms (Views: 1.1ms | ActiveRecord: 0.3ms | Allocations: 1114)


Started GET "/cats" for ::1 at 2023-07-06 22:59:32 -0500
Processing by CatsController#index as */*
  [1m[36mCat Load (0.1ms)[0m  [1m[34mSELECT "cats".* FROM "cats"[0m
  ↳ app/controllers/cats_controller.rb:5:in `index'
Completed 200 OK in 1ms (Views: 0.8ms | ActiveRecord: 0.1ms | Allocations: 1114)


Started GET "/cats" for ::1 at 2023-07-06 22:59:33 -0500
Processing by CatsController#index as */*
  [1m[36mCat Load (0.2ms)[0m  [1m[34mSELECT "cats".* FROM "cats"[0m
  ↳ app/controllers/cats_controller.rb:5:in `index'
Completed 200 OK in 1ms (Views: 0.8ms | ActiveRecord: 0.2ms | Allocations: 1114)


Started GET "/cats" for ::1 at 2023-07-06 22:59:39 -0500
Processing by CatsController#index as */*
  [1m[36mCat Load (11.5ms)[0m  [1m[34mSELECT "cats".* FROM "cats"[0m
  ↳ app/controllers/cats_controller.rb:5:in `index'
Completed 200 OK in 13ms (Views: 1.5ms | ActiveRecord: 11.5ms | Allocations: 1114)


Started GET "/cats" for ::1 at 2023-07-06 22:59:39 -0500
Processing by CatsController#index as */*
  [1m[36mCat Load (0.2ms)[0m  [1m[34mSELECT "cats".* FROM "cats"[0m
  ↳ app/controllers/cats_controller.rb:5:in `index'
Completed 200 OK in 1ms (Views: 0.9ms | ActiveRecord: 0.2ms | Allocations: 1115)


Started GET "/cats" for ::1 at 2023-07-06 22:59:39 -0500
Processing by CatsController#index as */*
  [1m[36mCat Load (0.2ms)[0m  [1m[34mSELECT "cats".* FROM "cats"[0m
  ↳ app/controllers/cats_controller.rb:5:in `index'
Completed 200 OK in 2ms (Views: 1.5ms | ActiveRecord: 0.2ms | Allocations: 1114)


Started GET "/cats" for ::1 at 2023-07-06 22:59:39 -0500
Processing by CatsController#index as */*
  [1m[36mCat Load (0.2ms)[0m  [1m[34mSELECT "cats".* FROM "cats"[0m
  ↳ app/controllers/cats_controller.rb:5:in `index'
Completed 200 OK in 1ms (Views: 0.9ms | ActiveRecord: 0.2ms | Allocations: 1114)


Started GET "/cats" for ::1 at 2023-07-06 22:59:44 -0500
Processing by CatsController#index as */*
  [1m[36mCat Load (0.2ms)[0m  [1m[34mSELECT "cats".* FROM "cats"[0m
  ↳ app/controllers/cats_controller.rb:5:in `index'
Completed 200 OK in 4ms (Views: 2.6ms | ActiveRecord: 0.2ms | Allocations: 1114)


Started GET "/cats" for ::1 at 2023-07-06 22:59:44 -0500
Processing by CatsController#index as */*
  [1m[36mCat Load (0.3ms)[0m  [1m[34mSELECT "cats".* FROM "cats"[0m
  ↳ app/controllers/cats_controller.rb:5:in `index'
Completed 200 OK in 2ms (Views: 1.7ms | ActiveRecord: 0.3ms | Allocations: 1114)


Started GET "/cats" for ::1 at 2023-07-06 22:59:44 -0500
Processing by CatsController#index as */*
  [1m[36mCat Load (0.2ms)[0m  [1m[34mSELECT "cats".* FROM "cats"[0m
  ↳ app/controllers/cats_controller.rb:5:in `index'
Completed 200 OK in 2ms (Views: 1.4ms | ActiveRecord: 0.2ms | Allocations: 1114)


Started GET "/cats" for ::1 at 2023-07-06 22:59:44 -0500
Processing by CatsController#index as */*
  [1m[36mCat Load (0.2ms)[0m  [1m[34mSELECT "cats".* FROM "cats"[0m
  ↳ app/controllers/cats_controller.rb:5:in `index'
Completed 200 OK in 2ms (Views: 1.2ms | ActiveRecord: 0.2ms | Allocations: 1114)


Started PATCH "/cats/3" for ::1 at 2023-07-06 23:09:29 -0500
  
AbstractController::ActionNotFound (The action 'update' could not be found for CatsController):
  
actionpack (7.0.5) lib/abstract_controller/base.rb:146:in `process'
actionview (7.0.5) lib/action_view/rendering.rb:39:in `process'
actionpack (7.0.5) lib/action_controller/metal.rb:188:in `dispatch'
actionpack (7.0.5) lib/action_controller/metal.rb:251:in `dispatch'
actionpack (7.0.5) lib/action_dispatch/routing/route_set.rb:49:in `dispatch'
actionpack (7.0.5) lib/action_dispatch/routing/route_set.rb:32:in `serve'
actionpack (7.0.5) lib/action_dispatch/journey/router.rb:50:in `block in serve'
actionpack (7.0.5) lib/action_dispatch/journey/router.rb:32:in `each'
actionpack (7.0.5) lib/action_dispatch/journey/router.rb:32:in `serve'
actionpack (7.0.5) lib/action_dispatch/routing/route_set.rb:852:in `call'
rack (2.2.7) lib/rack/tempfile_reaper.rb:15:in `call'
rack (2.2.7) lib/rack/etag.rb:27:in `call'
rack (2.2.7) lib/rack/conditional_get.rb:40:in `call'
rack (2.2.7) lib/rack/head.rb:12:in `call'
actionpack (7.0.5) lib/action_dispatch/http/permissions_policy.rb:38:in `call'
actionpack (7.0.5) lib/action_dispatch/http/content_security_policy.rb:36:in `call'
rack (2.2.7) lib/rack/session/abstract/id.rb:266:in `context'
rack (2.2.7) lib/rack/session/abstract/id.rb:260:in `call'
actionpack (7.0.5) lib/action_dispatch/middleware/cookies.rb:704:in `call'
activerecord (7.0.5) lib/active_record/migration.rb:603:in `call'
actionpack (7.0.5) lib/action_dispatch/middleware/callbacks.rb:27:in `block in call'
activesupport (7.0.5) lib/active_support/callbacks.rb:99:in `run_callbacks'
actionpack (7.0.5) lib/action_dispatch/middleware/callbacks.rb:26:in `call'
actionpack (7.0.5) lib/action_dispatch/middleware/executor.rb:14:in `call'
actionpack (7.0.5) lib/action_dispatch/middleware/actionable_exceptions.rb:17:in `call'
actionpack (7.0.5) lib/action_dispatch/middleware/debug_exceptions.rb:28:in `call'
web-console (4.2.0) lib/web_console/middleware.rb:132:in `call_app'
web-console (4.2.0) lib/web_console/middleware.rb:28:in `block in call'
web-console (4.2.0) lib/web_console/middleware.rb:17:in `catch'
web-console (4.2.0) lib/web_console/middleware.rb:17:in `call'
actionpack (7.0.5) lib/action_dispatch/middleware/show_exceptions.rb:26:in `call'
railties (7.0.5) lib/rails/rack/logger.rb:40:in `call_app'
railties (7.0.5) lib/rails/rack/logger.rb:25:in `block in call'
activesupport (7.0.5) lib/active_support/tagged_logging.rb:99:in `block in tagged'
activesupport (7.0.5) lib/active_support/tagged_logging.rb:37:in `tagged'
activesupport (7.0.5) lib/active_support/tagged_logging.rb:99:in `tagged'
railties (7.0.5) lib/rails/rack/logger.rb:25:in `call'
sprockets-rails (3.4.2) lib/sprockets/rails/quiet_assets.rb:13:in `call'
actionpack (7.0.5) lib/action_dispatch/middleware/remote_ip.rb:93:in `call'
actionpack (7.0.5) lib/action_dispatch/middleware/request_id.rb:26:in `call'
rack (2.2.7) lib/rack/method_override.rb:24:in `call'
rack (2.2.7) lib/rack/runtime.rb:22:in `call'
activesupport (7.0.5) lib/active_support/cache/strategy/local_cache_middleware.rb:29:in `call'
actionpack (7.0.5) lib/action_dispatch/middleware/server_timing.rb:61:in `block in call'
actionpack (7.0.5) lib/action_dispatch/middleware/server_timing.rb:26:in `collect_events'
actionpack (7.0.5) lib/action_dispatch/middleware/server_timing.rb:60:in `call'
actionpack (7.0.5) lib/action_dispatch/middleware/executor.rb:14:in `call'
actionpack (7.0.5) lib/action_dispatch/middleware/static.rb:23:in `call'
rack (2.2.7) lib/rack/sendfile.rb:110:in `call'
actionpack (7.0.5) lib/action_dispatch/middleware/host_authorization.rb:137:in `call'
rack-cors (2.0.1) lib/rack/cors.rb:102:in `call'
railties (7.0.5) lib/rails/engine.rb:530:in `call'
puma (5.6.5) lib/puma/configuration.rb:252:in `call'
puma (5.6.5) lib/puma/request.rb:77:in `block in handle_request'
puma (5.6.5) lib/puma/thread_pool.rb:340:in `with_force_shutdown'
puma (5.6.5) lib/puma/request.rb:76:in `handle_request'
puma (5.6.5) lib/puma/server.rb:443:in `process_client'
puma (5.6.5) lib/puma/thread_pool.rb:147:in `block in spawn_thread'
Started PATCH "/cats/3" for ::1 at 2023-07-06 23:09:41 -0500
  
AbstractController::ActionNotFound (The action 'update' could not be found for CatsController):
  
actionpack (7.0.5) lib/abstract_controller/base.rb:146:in `process'
actionview (7.0.5) lib/action_view/rendering.rb:39:in `process'
actionpack (7.0.5) lib/action_controller/metal.rb:188:in `dispatch'
actionpack (7.0.5) lib/action_controller/metal.rb:251:in `dispatch'
actionpack (7.0.5) lib/action_dispatch/routing/route_set.rb:49:in `dispatch'
actionpack (7.0.5) lib/action_dispatch/routing/route_set.rb:32:in `serve'
actionpack (7.0.5) lib/action_dispatch/journey/router.rb:50:in `block in serve'
actionpack (7.0.5) lib/action_dispatch/journey/router.rb:32:in `each'
actionpack (7.0.5) lib/action_dispatch/journey/router.rb:32:in `serve'
actionpack (7.0.5) lib/action_dispatch/routing/route_set.rb:852:in `call'
rack (2.2.7) lib/rack/tempfile_reaper.rb:15:in `call'
rack (2.2.7) lib/rack/etag.rb:27:in `call'
rack (2.2.7) lib/rack/conditional_get.rb:40:in `call'
rack (2.2.7) lib/rack/head.rb:12:in `call'
actionpack (7.0.5) lib/action_dispatch/http/permissions_policy.rb:38:in `call'
actionpack (7.0.5) lib/action_dispatch/http/content_security_policy.rb:36:in `call'
rack (2.2.7) lib/rack/session/abstract/id.rb:266:in `context'
rack (2.2.7) lib/rack/session/abstract/id.rb:260:in `call'
actionpack (7.0.5) lib/action_dispatch/middleware/cookies.rb:704:in `call'
activerecord (7.0.5) lib/active_record/migration.rb:603:in `call'
actionpack (7.0.5) lib/action_dispatch/middleware/callbacks.rb:27:in `block in call'
activesupport (7.0.5) lib/active_support/callbacks.rb:99:in `run_callbacks'
actionpack (7.0.5) lib/action_dispatch/middleware/callbacks.rb:26:in `call'
actionpack (7.0.5) lib/action_dispatch/middleware/executor.rb:14:in `call'
actionpack (7.0.5) lib/action_dispatch/middleware/actionable_exceptions.rb:17:in `call'
actionpack (7.0.5) lib/action_dispatch/middleware/debug_exceptions.rb:28:in `call'
web-console (4.2.0) lib/web_console/middleware.rb:132:in `call_app'
web-console (4.2.0) lib/web_console/middleware.rb:28:in `block in call'
web-console (4.2.0) lib/web_console/middleware.rb:17:in `catch'
web-console (4.2.0) lib/web_console/middleware.rb:17:in `call'
actionpack (7.0.5) lib/action_dispatch/middleware/show_exceptions.rb:26:in `call'
railties (7.0.5) lib/rails/rack/logger.rb:40:in `call_app'
railties (7.0.5) lib/rails/rack/logger.rb:25:in `block in call'
activesupport (7.0.5) lib/active_support/tagged_logging.rb:99:in `block in tagged'
activesupport (7.0.5) lib/active_support/tagged_logging.rb:37:in `tagged'
activesupport (7.0.5) lib/active_support/tagged_logging.rb:99:in `tagged'
railties (7.0.5) lib/rails/rack/logger.rb:25:in `call'
sprockets-rails (3.4.2) lib/sprockets/rails/quiet_assets.rb:13:in `call'
actionpack (7.0.5) lib/action_dispatch/middleware/remote_ip.rb:93:in `call'
actionpack (7.0.5) lib/action_dispatch/middleware/request_id.rb:26:in `call'
rack (2.2.7) lib/rack/method_override.rb:24:in `call'
rack (2.2.7) lib/rack/runtime.rb:22:in `call'
activesupport (7.0.5) lib/active_support/cache/strategy/local_cache_middleware.rb:29:in `call'
actionpack (7.0.5) lib/action_dispatch/middleware/server_timing.rb:61:in `block in call'
actionpack (7.0.5) lib/action_dispatch/middleware/server_timing.rb:26:in `collect_events'
actionpack (7.0.5) lib/action_dispatch/middleware/server_timing.rb:60:in `call'
actionpack (7.0.5) lib/action_dispatch/middleware/executor.rb:14:in `call'
actionpack (7.0.5) lib/action_dispatch/middleware/static.rb:23:in `call'
rack (2.2.7) lib/rack/sendfile.rb:110:in `call'
actionpack (7.0.5) lib/action_dispatch/middleware/host_authorization.rb:137:in `call'
rack-cors (2.0.1) lib/rack/cors.rb:102:in `call'
railties (7.0.5) lib/rails/engine.rb:530:in `call'
puma (5.6.5) lib/puma/configuration.rb:252:in `call'
puma (5.6.5) lib/puma/request.rb:77:in `block in handle_request'
puma (5.6.5) lib/puma/thread_pool.rb:340:in `with_force_shutdown'
puma (5.6.5) lib/puma/request.rb:76:in `handle_request'
puma (5.6.5) lib/puma/server.rb:443:in `process_client'
puma (5.6.5) lib/puma/thread_pool.rb:147:in `block in spawn_thread'
Started PATCH "/cats/1" for ::1 at 2023-07-06 23:10:07 -0500
  
AbstractController::ActionNotFound (The action 'update' could not be found for CatsController):
  
actionpack (7.0.5) lib/abstract_controller/base.rb:146:in `process'
actionview (7.0.5) lib/action_view/rendering.rb:39:in `process'
actionpack (7.0.5) lib/action_controller/metal.rb:188:in `dispatch'
actionpack (7.0.5) lib/action_controller/metal.rb:251:in `dispatch'
actionpack (7.0.5) lib/action_dispatch/routing/route_set.rb:49:in `dispatch'
actionpack (7.0.5) lib/action_dispatch/routing/route_set.rb:32:in `serve'
actionpack (7.0.5) lib/action_dispatch/journey/router.rb:50:in `block in serve'
actionpack (7.0.5) lib/action_dispatch/journey/router.rb:32:in `each'
actionpack (7.0.5) lib/action_dispatch/journey/router.rb:32:in `serve'
actionpack (7.0.5) lib/action_dispatch/routing/route_set.rb:852:in `call'
rack (2.2.7) lib/rack/tempfile_reaper.rb:15:in `call'
rack (2.2.7) lib/rack/etag.rb:27:in `call'
rack (2.2.7) lib/rack/conditional_get.rb:40:in `call'
rack (2.2.7) lib/rack/head.rb:12:in `call'
actionpack (7.0.5) lib/action_dispatch/http/permissions_policy.rb:38:in `call'
actionpack (7.0.5) lib/action_dispatch/http/content_security_policy.rb:36:in `call'
rack (2.2.7) lib/rack/session/abstract/id.rb:266:in `context'
rack (2.2.7) lib/rack/session/abstract/id.rb:260:in `call'
actionpack (7.0.5) lib/action_dispatch/middleware/cookies.rb:704:in `call'
activerecord (7.0.5) lib/active_record/migration.rb:603:in `call'
actionpack (7.0.5) lib/action_dispatch/middleware/callbacks.rb:27:in `block in call'
activesupport (7.0.5) lib/active_support/callbacks.rb:99:in `run_callbacks'
actionpack (7.0.5) lib/action_dispatch/middleware/callbacks.rb:26:in `call'
actionpack (7.0.5) lib/action_dispatch/middleware/executor.rb:14:in `call'
actionpack (7.0.5) lib/action_dispatch/middleware/actionable_exceptions.rb:17:in `call'
actionpack (7.0.5) lib/action_dispatch/middleware/debug_exceptions.rb:28:in `call'
web-console (4.2.0) lib/web_console/middleware.rb:132:in `call_app'
web-console (4.2.0) lib/web_console/middleware.rb:28:in `block in call'
web-console (4.2.0) lib/web_console/middleware.rb:17:in `catch'
web-console (4.2.0) lib/web_console/middleware.rb:17:in `call'
actionpack (7.0.5) lib/action_dispatch/middleware/show_exceptions.rb:26:in `call'
railties (7.0.5) lib/rails/rack/logger.rb:40:in `call_app'
railties (7.0.5) lib/rails/rack/logger.rb:25:in `block in call'
activesupport (7.0.5) lib/active_support/tagged_logging.rb:99:in `block in tagged'
activesupport (7.0.5) lib/active_support/tagged_logging.rb:37:in `tagged'
activesupport (7.0.5) lib/active_support/tagged_logging.rb:99:in `tagged'
railties (7.0.5) lib/rails/rack/logger.rb:25:in `call'
sprockets-rails (3.4.2) lib/sprockets/rails/quiet_assets.rb:13:in `call'
actionpack (7.0.5) lib/action_dispatch/middleware/remote_ip.rb:93:in `call'
actionpack (7.0.5) lib/action_dispatch/middleware/request_id.rb:26:in `call'
rack (2.2.7) lib/rack/method_override.rb:24:in `call'
rack (2.2.7) lib/rack/runtime.rb:22:in `call'
activesupport (7.0.5) lib/active_support/cache/strategy/local_cache_middleware.rb:29:in `call'
actionpack (7.0.5) lib/action_dispatch/middleware/server_timing.rb:61:in `block in call'
actionpack (7.0.5) lib/action_dispatch/middleware/server_timing.rb:26:in `collect_events'
actionpack (7.0.5) lib/action_dispatch/middleware/server_timing.rb:60:in `call'
actionpack (7.0.5) lib/action_dispatch/middleware/executor.rb:14:in `call'
actionpack (7.0.5) lib/action_dispatch/middleware/static.rb:23:in `call'
rack (2.2.7) lib/rack/sendfile.rb:110:in `call'
actionpack (7.0.5) lib/action_dispatch/middleware/host_authorization.rb:137:in `call'
rack-cors (2.0.1) lib/rack/cors.rb:102:in `call'
railties (7.0.5) lib/rails/engine.rb:530:in `call'
puma (5.6.5) lib/puma/configuration.rb:252:in `call'
puma (5.6.5) lib/puma/request.rb:77:in `block in handle_request'
puma (5.6.5) lib/puma/thread_pool.rb:340:in `with_force_shutdown'
puma (5.6.5) lib/puma/request.rb:76:in `handle_request'
puma (5.6.5) lib/puma/server.rb:443:in `process_client'
puma (5.6.5) lib/puma/thread_pool.rb:147:in `block in spawn_thread'
Started GET "/cats" for ::1 at 2023-07-06 23:12:48 -0500
Processing by CatsController#index as */*
  [1m[36mCat Load (0.6ms)[0m  [1m[34mSELECT "cats".* FROM "cats"[0m
  ↳ app/controllers/cats_controller.rb:5:in `index'
Completed 200 OK in 50ms (Views: 49.3ms | ActiveRecord: 31.7ms | Allocations: 4007)


Started GET "/cats" for ::1 at 2023-07-06 23:12:48 -0500
Processing by CatsController#index as */*
  [1m[36mCat Load (0.2ms)[0m  [1m[34mSELECT "cats".* FROM "cats"[0m
  ↳ app/controllers/cats_controller.rb:5:in `index'
Completed 200 OK in 2ms (Views: 1.2ms | ActiveRecord: 0.2ms | Allocations: 1113)


Started GET "/cats" for ::1 at 2023-07-06 23:12:48 -0500
Processing by CatsController#index as */*
  [1m[36mCat Load (0.2ms)[0m  [1m[34mSELECT "cats".* FROM "cats"[0m
  ↳ app/controllers/cats_controller.rb:5:in `index'
Completed 200 OK in 2ms (Views: 1.1ms | ActiveRecord: 0.2ms | Allocations: 1113)


Started GET "/cats" for ::1 at 2023-07-06 23:12:48 -0500
Processing by CatsController#index as */*
  [1m[36mCat Load (0.2ms)[0m  [1m[34mSELECT "cats".* FROM "cats"[0m
  ↳ app/controllers/cats_controller.rb:5:in `index'
Completed 200 OK in 1ms (Views: 0.9ms | ActiveRecord: 0.2ms | Allocations: 1113)


Started GET "/cats" for ::1 at 2023-07-06 23:13:46 -0500
Processing by CatsController#index as */*
  [1m[36mCat Load (0.3ms)[0m  [1m[34mSELECT "cats".* FROM "cats"[0m
  ↳ app/controllers/cats_controller.rb:5:in `index'
Completed 200 OK in 3ms (Views: 2.0ms | ActiveRecord: 0.3ms | Allocations: 1113)


Started GET "/cats" for ::1 at 2023-07-06 23:13:46 -0500
Processing by CatsController#index as */*
  [1m[36mCat Load (0.2ms)[0m  [1m[34mSELECT "cats".* FROM "cats"[0m
  ↳ app/controllers/cats_controller.rb:5:in `index'
Completed 200 OK in 1ms (Views: 0.9ms | ActiveRecord: 0.2ms | Allocations: 1113)


Started GET "/cats" for ::1 at 2023-07-06 23:13:46 -0500
Processing by CatsController#index as */*
  [1m[36mCat Load (0.2ms)[0m  [1m[34mSELECT "cats".* FROM "cats"[0m
  ↳ app/controllers/cats_controller.rb:5:in `index'
Completed 200 OK in 1ms (Views: 0.7ms | ActiveRecord: 0.2ms | Allocations: 1113)


Started GET "/cats" for ::1 at 2023-07-06 23:13:46 -0500
Processing by CatsController#index as */*
  [1m[36mCat Load (0.2ms)[0m  [1m[34mSELECT "cats".* FROM "cats"[0m
  ↳ app/controllers/cats_controller.rb:5:in `index'
Completed 200 OK in 1ms (Views: 0.9ms | ActiveRecord: 0.2ms | Allocations: 1113)


Started POST "/cats" for ::1 at 2023-07-06 23:13:50 -0500
Processing by CatsController#create as */*
  Parameters: {"name"=>"", "age"=>"", "hobbies"=>"", "image"=>"", "cat"=>{"name"=>"", "age"=>"", "hobbies"=>"", "image"=>""}}
Completed 422 Unprocessable Entity in 4ms (Views: 1.8ms | ActiveRecord: 0.0ms | Allocations: 2738)


Started GET "/cats" for ::1 at 2023-07-06 23:13:50 -0500
Processing by CatsController#index as */*
  [1m[36mCat Load (0.4ms)[0m  [1m[34mSELECT "cats".* FROM "cats"[0m
  ↳ app/controllers/cats_controller.rb:5:in `index'
Completed 200 OK in 2ms (Views: 1.6ms | ActiveRecord: 0.4ms | Allocations: 1115)


Started POST "/cats" for ::1 at 2023-07-06 23:14:29 -0500
Processing by CatsController#create as */*
  Parameters: {"name"=>"billy", "age"=>"12", "hobbies"=>"does nothing", "image"=>"https://static01.nyt.com/images/2021/09/14/science/07CAT-STRIPES/07CAT-STRIPES-mediumSquareAt3X-v2.jpg", "cat"=>{"name"=>"billy", "age"=>"12", "hobbies"=>"does nothing", "image"=>"https://static01.nyt.com/images/2021/09/14/science/07CAT-STRIPES/07CAT-STRIPES-mediumSquareAt3X-v2.jpg"}}
  [1m[36mTRANSACTION (0.2ms)[0m  [1m[35mBEGIN[0m
  ↳ app/controllers/cats_controller.rb:9:in `create'
  [1m[36mCat Create (8.2ms)[0m  [1m[32mINSERT INTO "cats" ("name", "age", "hobbies", "image", "created_at", "updated_at") VALUES ($1, $2, $3, $4, $5, $6) RETURNING "id"[0m  [["name", "billy"], ["age", 12], ["hobbies", "does nothing"], ["image", "https://static01.nyt.com/images/2021/09/14/science/07CAT-STRIPES/07CAT-STRIPES-mediumSquareAt3X-v2.jpg"], ["created_at", "2023-07-07 04:14:29.361385"], ["updated_at", "2023-07-07 04:14:29.361385"]]
  ↳ app/controllers/cats_controller.rb:9:in `create'
  [1m[36mTRANSACTION (0.9ms)[0m  [1m[35mCOMMIT[0m
  ↳ app/controllers/cats_controller.rb:9:in `create'
Completed 200 OK in 23ms (Views: 0.8ms | ActiveRecord: 9.3ms | Allocations: 3040)


Started GET "/cats" for ::1 at 2023-07-06 23:14:29 -0500
Processing by CatsController#index as */*
  [1m[36mCat Load (0.3ms)[0m  [1m[34mSELECT "cats".* FROM "cats"[0m
  ↳ app/controllers/cats_controller.rb:5:in `index'
Completed 200 OK in 5ms (Views: 3.7ms | ActiveRecord: 0.3ms | Allocations: 1220)


Started GET "/cats" for ::1 at 2023-07-06 23:15:10 -0500
Processing by CatsController#index as */*
  [1m[36mCat Load (0.4ms)[0m  [1m[34mSELECT "cats".* FROM "cats"[0m
  ↳ app/controllers/cats_controller.rb:5:in `index'
Completed 200 OK in 5ms (Views: 3.2ms | ActiveRecord: 0.4ms | Allocations: 1220)


Started GET "/cats" for ::1 at 2023-07-06 23:15:10 -0500
Processing by CatsController#index as */*
  [1m[36mCat Load (0.3ms)[0m  [1m[34mSELECT "cats".* FROM "cats"[0m
  ↳ app/controllers/cats_controller.rb:5:in `index'
Completed 200 OK in 2ms (Views: 1.0ms | ActiveRecord: 0.3ms | Allocations: 1220)


Started GET "/cats" for ::1 at 2023-07-06 23:15:10 -0500
Processing by CatsController#index as */*
  [1m[36mCat Load (0.2ms)[0m  [1m[34mSELECT "cats".* FROM "cats"[0m
  ↳ app/controllers/cats_controller.rb:5:in `index'
Completed 200 OK in 1ms (Views: 1.1ms | ActiveRecord: 0.2ms | Allocations: 1220)


Started GET "/cats" for ::1 at 2023-07-06 23:15:10 -0500
Processing by CatsController#index as */*
  [1m[36mCat Load (0.2ms)[0m  [1m[34mSELECT "cats".* FROM "cats"[0m
  ↳ app/controllers/cats_controller.rb:5:in `index'
Completed 200 OK in 2ms (Views: 1.1ms | ActiveRecord: 0.2ms | Allocations: 1222)


Started GET "/cats" for ::1 at 2023-07-06 23:15:17 -0500
Processing by CatsController#index as */*
  [1m[36mCat Load (0.5ms)[0m  [1m[34mSELECT "cats".* FROM "cats"[0m
  ↳ app/controllers/cats_controller.rb:5:in `index'
Completed 200 OK in 6ms (Views: 3.3ms | ActiveRecord: 0.5ms | Allocations: 1222)


Started GET "/cats" for ::1 at 2023-07-06 23:15:17 -0500
Processing by CatsController#index as */*
  [1m[36mCat Load (0.3ms)[0m  [1m[34mSELECT "cats".* FROM "cats"[0m
  ↳ app/controllers/cats_controller.rb:5:in `index'
Completed 200 OK in 4ms (Views: 2.7ms | ActiveRecord: 0.3ms | Allocations: 1221)


Started GET "/cats" for ::1 at 2023-07-06 23:15:17 -0500
Processing by CatsController#index as */*
  [1m[36mCat Load (0.2ms)[0m  [1m[34mSELECT "cats".* FROM "cats"[0m
  ↳ app/controllers/cats_controller.rb:5:in `index'
Completed 200 OK in 2ms (Views: 1.7ms | ActiveRecord: 0.2ms | Allocations: 1221)


Started GET "/cats" for ::1 at 2023-07-06 23:15:17 -0500
Processing by CatsController#index as */*
  [1m[36mCat Load (0.2ms)[0m  [1m[34mSELECT "cats".* FROM "cats"[0m
  ↳ app/controllers/cats_controller.rb:5:in `index'
Completed 200 OK in 1ms (Views: 0.9ms | ActiveRecord: 0.2ms | Allocations: 1221)


Started GET "/cats" for ::1 at 2023-07-06 23:16:33 -0500
Processing by CatsController#index as */*
  [1m[36mCat Load (0.4ms)[0m  [1m[34mSELECT "cats".* FROM "cats"[0m
  ↳ app/controllers/cats_controller.rb:5:in `index'
Completed 200 OK in 5ms (Views: 3.2ms | ActiveRecord: 0.4ms | Allocations: 1221)


Started GET "/cats" for ::1 at 2023-07-06 23:16:33 -0500
Processing by CatsController#index as */*
  [1m[36mCat Load (0.4ms)[0m  [1m[34mSELECT "cats".* FROM "cats"[0m
  ↳ app/controllers/cats_controller.rb:5:in `index'
Completed 200 OK in 2ms (Views: 1.3ms | ActiveRecord: 0.4ms | Allocations: 1221)


Started GET "/cats" for ::1 at 2023-07-06 23:16:33 -0500
Processing by CatsController#index as */*
  [1m[36mCat Load (0.2ms)[0m  [1m[34mSELECT "cats".* FROM "cats"[0m
  ↳ app/controllers/cats_controller.rb:5:in `index'
Completed 200 OK in 1ms (Views: 1.1ms | ActiveRecord: 0.2ms | Allocations: 1221)


Started GET "/cats" for ::1 at 2023-07-06 23:16:33 -0500
Processing by CatsController#index as */*
  [1m[36mCat Load (0.2ms)[0m  [1m[34mSELECT "cats".* FROM "cats"[0m
  ↳ app/controllers/cats_controller.rb:5:in `index'
Completed 200 OK in 4ms (Views: 3.2ms | ActiveRecord: 0.2ms | Allocations: 1221)


Started GET "/cats" for ::1 at 2023-07-06 23:16:37 -0500
Processing by CatsController#index as */*
  [1m[36mCat Load (0.3ms)[0m  [1m[34mSELECT "cats".* FROM "cats"[0m
  ↳ app/controllers/cats_controller.rb:5:in `index'
Completed 200 OK in 3ms (Views: 2.0ms | ActiveRecord: 0.3ms | Allocations: 1221)


Started GET "/cats" for ::1 at 2023-07-06 23:16:37 -0500
Processing by CatsController#index as */*
  [1m[36mCat Load (0.2ms)[0m  [1m[34mSELECT "cats".* FROM "cats"[0m
  ↳ app/controllers/cats_controller.rb:5:in `index'
Completed 200 OK in 3ms (Views: 2.6ms | ActiveRecord: 0.2ms | Allocations: 1221)


Started GET "/cats" for ::1 at 2023-07-06 23:16:37 -0500
Processing by CatsController#index as */*
  [1m[36mCat Load (0.3ms)[0m  [1m[34mSELECT "cats".* FROM "cats"[0m
  ↳ app/controllers/cats_controller.rb:5:in `index'
Completed 200 OK in 2ms (Views: 1.4ms | ActiveRecord: 0.3ms | Allocations: 1221)


Started GET "/cats" for ::1 at 2023-07-06 23:16:37 -0500
Processing by CatsController#index as */*
  [1m[36mCat Load (0.2ms)[0m  [1m[34mSELECT "cats".* FROM "cats"[0m
  ↳ app/controllers/cats_controller.rb:5:in `index'
Completed 200 OK in 2ms (Views: 1.7ms | ActiveRecord: 0.2ms | Allocations: 1221)


Started GET "/cats" for ::1 at 2023-07-06 23:16:41 -0500
Processing by CatsController#index as */*
  [1m[36mCat Load (0.2ms)[0m  [1m[34mSELECT "cats".* FROM "cats"[0m
  ↳ app/controllers/cats_controller.rb:5:in `index'
Completed 200 OK in 3ms (Views: 2.1ms | ActiveRecord: 0.2ms | Allocations: 1221)


Started GET "/cats" for ::1 at 2023-07-06 23:16:41 -0500
Processing by CatsController#index as */*
  [1m[36mCat Load (0.2ms)[0m  [1m[34mSELECT "cats".* FROM "cats"[0m
  ↳ app/controllers/cats_controller.rb:5:in `index'
Completed 200 OK in 3ms (Views: 2.6ms | ActiveRecord: 0.2ms | Allocations: 1221)


Started GET "/cats" for ::1 at 2023-07-06 23:16:41 -0500
Processing by CatsController#index as */*
  [1m[36mCat Load (0.3ms)[0m  [1m[34mSELECT "cats".* FROM "cats"[0m
  ↳ app/controllers/cats_controller.rb:5:in `index'
Completed 200 OK in 2ms (Views: 1.4ms | ActiveRecord: 0.3ms | Allocations: 1221)


Started GET "/cats" for ::1 at 2023-07-06 23:16:41 -0500
Processing by CatsController#index as */*
  [1m[36mCat Load (0.2ms)[0m  [1m[34mSELECT "cats".* FROM "cats"[0m
  ↳ app/controllers/cats_controller.rb:5:in `index'
Completed 200 OK in 1ms (Views: 0.9ms | ActiveRecord: 0.2ms | Allocations: 1221)


Started GET "/cats" for ::1 at 2023-07-06 23:16:44 -0500
Processing by CatsController#index as */*
  [1m[36mCat Load (11.4ms)[0m  [1m[34mSELECT "cats".* FROM "cats"[0m
  ↳ app/controllers/cats_controller.rb:5:in `index'
Completed 200 OK in 15ms (Views: 2.7ms | ActiveRecord: 11.4ms | Allocations: 1221)


Started GET "/cats" for ::1 at 2023-07-06 23:16:44 -0500
Processing by CatsController#index as */*
  [1m[36mCat Load (0.3ms)[0m  [1m[34mSELECT "cats".* FROM "cats"[0m
  ↳ app/controllers/cats_controller.rb:5:in `index'
Completed 200 OK in 3ms (Views: 2.3ms | ActiveRecord: 0.3ms | Allocations: 1221)


Started GET "/cats" for ::1 at 2023-07-06 23:16:44 -0500
Processing by CatsController#index as */*
  [1m[36mCat Load (0.2ms)[0m  [1m[34mSELECT "cats".* FROM "cats"[0m
  ↳ app/controllers/cats_controller.rb:5:in `index'
Completed 200 OK in 2ms (Views: 1.1ms | ActiveRecord: 0.2ms | Allocations: 1221)


Started GET "/cats" for ::1 at 2023-07-06 23:16:44 -0500
Processing by CatsController#index as */*
  [1m[36mCat Load (0.2ms)[0m  [1m[34mSELECT "cats".* FROM "cats"[0m
  ↳ app/controllers/cats_controller.rb:5:in `index'
Completed 200 OK in 1ms (Views: 0.8ms | ActiveRecord: 0.2ms | Allocations: 1222)


Started GET "/cats" for ::1 at 2023-07-06 23:18:51 -0500
Processing by CatsController#index as */*
  [1m[36mCat Load (1.0ms)[0m  [1m[34mSELECT "cats".* FROM "cats"[0m
  ↳ app/controllers/cats_controller.rb:5:in `index'
Completed 200 OK in 8ms (Views: 5.0ms | ActiveRecord: 1.0ms | Allocations: 1222)


Started GET "/cats" for ::1 at 2023-07-06 23:18:51 -0500
Processing by CatsController#index as */*
  [1m[36mCat Load (0.3ms)[0m  [1m[34mSELECT "cats".* FROM "cats"[0m
  ↳ app/controllers/cats_controller.rb:5:in `index'
Completed 200 OK in 1ms (Views: 1.0ms | ActiveRecord: 0.3ms | Allocations: 1221)


Started GET "/cats" for ::1 at 2023-07-06 23:18:51 -0500
Processing by CatsController#index as */*
  [1m[36mCat Load (0.2ms)[0m  [1m[34mSELECT "cats".* FROM "cats"[0m
  ↳ app/controllers/cats_controller.rb:5:in `index'
Completed 200 OK in 2ms (Views: 1.6ms | ActiveRecord: 0.2ms | Allocations: 1221)


Started GET "/cats" for ::1 at 2023-07-06 23:18:51 -0500
Processing by CatsController#index as */*
  [1m[36mCat Load (0.3ms)[0m  [1m[34mSELECT "cats".* FROM "cats"[0m
  ↳ app/controllers/cats_controller.rb:5:in `index'
Completed 200 OK in 2ms (Views: 1.3ms | ActiveRecord: 0.3ms | Allocations: 1221)


Started GET "/cats" for ::1 at 2023-07-06 23:18:54 -0500
Processing by CatsController#index as */*
  [1m[36mCat Load (0.3ms)[0m  [1m[34mSELECT "cats".* FROM "cats"[0m
  ↳ app/controllers/cats_controller.rb:5:in `index'
Completed 200 OK in 4ms (Views: 2.6ms | ActiveRecord: 0.3ms | Allocations: 1221)


Started GET "/cats" for ::1 at 2023-07-06 23:18:54 -0500
Processing by CatsController#index as */*
  [1m[36mCat Load (0.3ms)[0m  [1m[34mSELECT "cats".* FROM "cats"[0m
  ↳ app/controllers/cats_controller.rb:5:in `index'
Completed 200 OK in 3ms (Views: 2.2ms | ActiveRecord: 0.3ms | Allocations: 1221)


Started GET "/cats" for ::1 at 2023-07-06 23:18:54 -0500
Processing by CatsController#index as */*
  [1m[36mCat Load (0.2ms)[0m  [1m[34mSELECT "cats".* FROM "cats"[0m
  ↳ app/controllers/cats_controller.rb:5:in `index'
Completed 200 OK in 1ms (Views: 1.0ms | ActiveRecord: 0.2ms | Allocations: 1221)


Started GET "/cats" for ::1 at 2023-07-06 23:18:54 -0500
Processing by CatsController#index as */*
  [1m[36mCat Load (0.3ms)[0m  [1m[34mSELECT "cats".* FROM "cats"[0m
  ↳ app/controllers/cats_controller.rb:5:in `index'
Completed 200 OK in 2ms (Views: 1.2ms | ActiveRecord: 0.3ms | Allocations: 1221)


Started GET "/cats" for ::1 at 2023-07-06 23:19:01 -0500
Processing by CatsController#index as */*
  [1m[36mCat Load (0.3ms)[0m  [1m[34mSELECT "cats".* FROM "cats"[0m
  ↳ app/controllers/cats_controller.rb:5:in `index'
Completed 200 OK in 3ms (Views: 2.3ms | ActiveRecord: 0.3ms | Allocations: 1221)


Started GET "/cats" for ::1 at 2023-07-06 23:19:01 -0500
Processing by CatsController#index as */*
  [1m[36mCat Load (0.2ms)[0m  [1m[34mSELECT "cats".* FROM "cats"[0m
  ↳ app/controllers/cats_controller.rb:5:in `index'
Completed 200 OK in 3ms (Views: 2.2ms | ActiveRecord: 0.2ms | Allocations: 1221)


Started GET "/cats" for ::1 at 2023-07-06 23:19:01 -0500
Processing by CatsController#index as */*
  [1m[36mCat Load (0.2ms)[0m  [1m[34mSELECT "cats".* FROM "cats"[0m
  ↳ app/controllers/cats_controller.rb:5:in `index'
Completed 200 OK in 1ms (Views: 1.0ms | ActiveRecord: 0.2ms | Allocations: 1221)


Started GET "/cats" for ::1 at 2023-07-06 23:19:01 -0500
Processing by CatsController#index as */*
  [1m[36mCat Load (0.2ms)[0m  [1m[34mSELECT "cats".* FROM "cats"[0m
  ↳ app/controllers/cats_controller.rb:5:in `index'
Completed 200 OK in 1ms (Views: 1.0ms | ActiveRecord: 0.2ms | Allocations: 1221)


Started GET "/cats" for ::1 at 2023-07-06 23:19:33 -0500
Processing by CatsController#index as */*
  [1m[36mCat Load (0.3ms)[0m  [1m[34mSELECT "cats".* FROM "cats"[0m
  ↳ app/controllers/cats_controller.rb:5:in `index'
Completed 200 OK in 2ms (Views: 1.4ms | ActiveRecord: 0.3ms | Allocations: 1221)


Started GET "/cats" for ::1 at 2023-07-06 23:19:33 -0500
Processing by CatsController#index as */*
  [1m[36mCat Load (0.1ms)[0m  [1m[34mSELECT "cats".* FROM "cats"[0m
  ↳ app/controllers/cats_controller.rb:5:in `index'
Completed 200 OK in 1ms (Views: 0.7ms | ActiveRecord: 0.1ms | Allocations: 1221)


Started GET "/cats" for ::1 at 2023-07-06 23:19:33 -0500
Processing by CatsController#index as */*
  [1m[36mCat Load (0.2ms)[0m  [1m[34mSELECT "cats".* FROM "cats"[0m
  ↳ app/controllers/cats_controller.rb:5:in `index'
Completed 200 OK in 1ms (Views: 0.8ms | ActiveRecord: 0.2ms | Allocations: 1221)


Started GET "/cats" for ::1 at 2023-07-06 23:19:33 -0500
Processing by CatsController#index as */*
  [1m[36mCat Load (0.2ms)[0m  [1m[34mSELECT "cats".* FROM "cats"[0m
  ↳ app/controllers/cats_controller.rb:5:in `index'
Completed 200 OK in 2ms (Views: 1.3ms | ActiveRecord: 0.2ms | Allocations: 1221)


Started GET "/cats" for ::1 at 2023-07-06 23:19:34 -0500
Processing by CatsController#index as */*
  [1m[36mCat Load (0.3ms)[0m  [1m[34mSELECT "cats".* FROM "cats"[0m
  ↳ app/controllers/cats_controller.rb:5:in `index'
Completed 200 OK in 4ms (Views: 3.4ms | ActiveRecord: 0.2ms | Allocations: 1221)


Started GET "/cats" for ::1 at 2023-07-06 23:19:34 -0500
Processing by CatsController#index as */*
  [1m[36mCat Load (0.3ms)[0m  [1m[34mSELECT "cats".* FROM "cats"[0m
  ↳ app/controllers/cats_controller.rb:5:in `index'
Completed 200 OK in 3ms (Views: 2.2ms | ActiveRecord: 0.3ms | Allocations: 1221)


Started GET "/cats" for ::1 at 2023-07-06 23:19:34 -0500
Processing by CatsController#index as */*
  [1m[36mCat Load (0.2ms)[0m  [1m[34mSELECT "cats".* FROM "cats"[0m
  ↳ app/controllers/cats_controller.rb:5:in `index'
Completed 200 OK in 1ms (Views: 1.0ms | ActiveRecord: 0.2ms | Allocations: 1221)


Started GET "/cats" for ::1 at 2023-07-06 23:19:34 -0500
Processing by CatsController#index as */*
  [1m[36mCat Load (0.2ms)[0m  [1m[34mSELECT "cats".* FROM "cats"[0m
  ↳ app/controllers/cats_controller.rb:5:in `index'
Completed 200 OK in 1ms (Views: 0.9ms | ActiveRecord: 0.2ms | Allocations: 1222)


Started GET "/cats" for ::1 at 2023-07-06 23:19:41 -0500
Processing by CatsController#index as */*
  [1m[36mCat Load (0.2ms)[0m  [1m[34mSELECT "cats".* FROM "cats"[0m
  ↳ app/controllers/cats_controller.rb:5:in `index'
Completed 200 OK in 3ms (Views: 2.0ms | ActiveRecord: 0.2ms | Allocations: 1222)


Started GET "/cats" for ::1 at 2023-07-06 23:19:41 -0500
Processing by CatsController#index as */*
  [1m[36mCat Load (0.2ms)[0m  [1m[34mSELECT "cats".* FROM "cats"[0m
  ↳ app/controllers/cats_controller.rb:5:in `index'
Completed 200 OK in 3ms (Views: 2.7ms | ActiveRecord: 0.2ms | Allocations: 1221)


Started GET "/cats" for ::1 at 2023-07-06 23:19:41 -0500
Processing by CatsController#index as */*
  [1m[36mCat Load (0.2ms)[0m  [1m[34mSELECT "cats".* FROM "cats"[0m
  ↳ app/controllers/cats_controller.rb:5:in `index'
Completed 200 OK in 2ms (Views: 1.4ms | ActiveRecord: 0.2ms | Allocations: 1221)


Started GET "/cats" for ::1 at 2023-07-06 23:19:41 -0500
Processing by CatsController#index as */*
  [1m[36mCat Load (0.2ms)[0m  [1m[34mSELECT "cats".* FROM "cats"[0m
  ↳ app/controllers/cats_controller.rb:5:in `index'
Completed 200 OK in 2ms (Views: 1.2ms | ActiveRecord: 0.2ms | Allocations: 1221)


Started GET "/cats" for ::1 at 2023-07-06 23:19:45 -0500
Processing by CatsController#index as */*
  [1m[36mCat Load (0.2ms)[0m  [1m[34mSELECT "cats".* FROM "cats"[0m
  ↳ app/controllers/cats_controller.rb:5:in `index'
Completed 200 OK in 3ms (Views: 1.8ms | ActiveRecord: 0.2ms | Allocations: 1221)


Started GET "/cats" for ::1 at 2023-07-06 23:19:45 -0500
Processing by CatsController#index as */*
  [1m[36mCat Load (0.2ms)[0m  [1m[34mSELECT "cats".* FROM "cats"[0m
  ↳ app/controllers/cats_controller.rb:5:in `index'
Completed 200 OK in 2ms (Views: 1.7ms | ActiveRecord: 0.2ms | Allocations: 1221)


Started GET "/cats" for ::1 at 2023-07-06 23:19:45 -0500
Processing by CatsController#index as */*
  [1m[36mCat Load (0.2ms)[0m  [1m[34mSELECT "cats".* FROM "cats"[0m
  ↳ app/controllers/cats_controller.rb:5:in `index'
Completed 200 OK in 2ms (Views: 1.2ms | ActiveRecord: 0.2ms | Allocations: 1221)


Started GET "/cats" for ::1 at 2023-07-06 23:19:45 -0500
Processing by CatsController#index as */*
  [1m[36mCat Load (0.2ms)[0m  [1m[34mSELECT "cats".* FROM "cats"[0m
  ↳ app/controllers/cats_controller.rb:5:in `index'
Completed 200 OK in 1ms (Views: 0.9ms | ActiveRecord: 0.2ms | Allocations: 1221)


Started GET "/cats" for ::1 at 2023-07-06 23:21:47 -0500
Processing by CatsController#index as */*
  [1m[36mCat Load (0.5ms)[0m  [1m[34mSELECT "cats".* FROM "cats"[0m
  ↳ app/controllers/cats_controller.rb:5:in `index'
Completed 200 OK in 5ms (Views: 3.4ms | ActiveRecord: 0.5ms | Allocations: 1221)


Started GET "/cats" for ::1 at 2023-07-06 23:21:47 -0500
Processing by CatsController#index as */*
  [1m[36mCat Load (0.3ms)[0m  [1m[34mSELECT "cats".* FROM "cats"[0m
  ↳ app/controllers/cats_controller.rb:5:in `index'
Completed 200 OK in 1ms (Views: 1.0ms | ActiveRecord: 0.3ms | Allocations: 1221)


Started GET "/cats" for ::1 at 2023-07-06 23:21:47 -0500
Processing by CatsController#index as */*
  [1m[36mCat Load (0.2ms)[0m  [1m[34mSELECT "cats".* FROM "cats"[0m
  ↳ app/controllers/cats_controller.rb:5:in `index'
Completed 200 OK in 2ms (Views: 1.3ms | ActiveRecord: 0.2ms | Allocations: 1221)


Started GET "/cats" for ::1 at 2023-07-06 23:21:47 -0500
Processing by CatsController#index as */*
  [1m[36mCat Load (0.3ms)[0m  [1m[34mSELECT "cats".* FROM "cats"[0m
  ↳ app/controllers/cats_controller.rb:5:in `index'
Completed 200 OK in 1ms (Views: 0.9ms | ActiveRecord: 0.3ms | Allocations: 1221)


Started GET "/cats" for ::1 at 2023-07-06 23:23:34 -0500
Processing by CatsController#index as */*
  [1m[36mCat Load (0.4ms)[0m  [1m[34mSELECT "cats".* FROM "cats"[0m
  ↳ app/controllers/cats_controller.rb:5:in `index'
Completed 200 OK in 5ms (Views: 3.4ms | ActiveRecord: 0.4ms | Allocations: 1221)


Started GET "/cats" for ::1 at 2023-07-06 23:23:34 -0500
Processing by CatsController#index as */*
  [1m[36mCat Load (0.2ms)[0m  [1m[34mSELECT "cats".* FROM "cats"[0m
  ↳ app/controllers/cats_controller.rb:5:in `index'
Completed 200 OK in 1ms (Views: 0.9ms | ActiveRecord: 0.2ms | Allocations: 1221)


Started GET "/cats" for ::1 at 2023-07-06 23:23:34 -0500
Processing by CatsController#index as */*
  [1m[36mCat Load (0.3ms)[0m  [1m[34mSELECT "cats".* FROM "cats"[0m
  ↳ app/controllers/cats_controller.rb:5:in `index'
Completed 200 OK in 1ms (Views: 0.9ms | ActiveRecord: 0.3ms | Allocations: 1221)


Started GET "/cats" for ::1 at 2023-07-06 23:23:34 -0500
Processing by CatsController#index as */*
  [1m[36mCat Load (0.3ms)[0m  [1m[34mSELECT "cats".* FROM "cats"[0m
  ↳ app/controllers/cats_controller.rb:5:in `index'
Completed 200 OK in 2ms (Views: 1.2ms | ActiveRecord: 0.3ms | Allocations: 1221)


Started GET "/cats" for ::1 at 2023-07-06 23:27:02 -0500
Processing by CatsController#index as */*
  [1m[36mCat Load (10.5ms)[0m  [1m[34mSELECT "cats".* FROM "cats"[0m
  ↳ app/controllers/cats_controller.rb:5:in `index'
Completed 200 OK in 22ms (Views: 10.8ms | ActiveRecord: 10.5ms | Allocations: 1221)


Started GET "/cats" for ::1 at 2023-07-06 23:27:02 -0500
Processing by CatsController#index as */*
  [1m[36mCat Load (0.4ms)[0m  [1m[34mSELECT "cats".* FROM "cats"[0m
  ↳ app/controllers/cats_controller.rb:5:in `index'
Completed 200 OK in 1ms (Views: 0.9ms | ActiveRecord: 0.4ms | Allocations: 1221)


Started GET "/cats" for ::1 at 2023-07-06 23:27:02 -0500
Processing by CatsController#index as */*
  [1m[36mCat Load (0.2ms)[0m  [1m[34mSELECT "cats".* FROM "cats"[0m
  ↳ app/controllers/cats_controller.rb:5:in `index'
Completed 200 OK in 1ms (Views: 0.7ms | ActiveRecord: 0.2ms | Allocations: 1221)


Started GET "/cats" for ::1 at 2023-07-06 23:27:02 -0500
Processing by CatsController#index as */*
  [1m[36mCat Load (0.3ms)[0m  [1m[34mSELECT "cats".* FROM "cats"[0m
  ↳ app/controllers/cats_controller.rb:5:in `index'
Completed 200 OK in 1ms (Views: 0.8ms | ActiveRecord: 0.3ms | Allocations: 1222)


